{"total": {"lines":{"total":890,"covered":688,"skipped":0,"pct":77.3},"statements":{"total":890,"covered":688,"skipped":0,"pct":77.3},"functions":{"total":53,"covered":43,"skipped":0,"pct":81.13},"branches":{"total":112,"covered":94,"skipped":0,"pct":83.92},"branchesTrue":{"total":0,"covered":0,"skipped":0,"pct":100}}
,"D:\\gitStore\\cookbook-test\\services\\frontend\\src\\App.tsx": {"lines":{"total":33,"covered":0,"skipped":0,"pct":0},"functions":{"total":1,"covered":0,"skipped":0,"pct":0},"statements":{"total":33,"covered":0,"skipped":0,"pct":0},"branches":{"total":1,"covered":0,"skipped":0,"pct":0}}
,"D:\\gitStore\\cookbook-test\\services\\frontend\\src\\api\\client.ts": {"lines":{"total":63,"covered":57,"skipped":0,"pct":90.47},"functions":{"total":3,"covered":3,"skipped":0,"pct":100},"statements":{"total":63,"covered":57,"skipped":0,"pct":90.47},"branches":{"total":10,"covered":7,"skipped":0,"pct":70}}
,"D:\\gitStore\\cookbook-test\\services\\frontend\\src\\api\\supplier.ts": {"lines":{"total":67,"covered":67,"skipped":0,"pct":100},"functions":{"total":6,"covered":6,"skipped":0,"pct":100},"statements":{"total":67,"covered":67,"skipped":0,"pct":100},"branches":{"total":10,"covered":10,"skipped":0,"pct":100}}
,"D:\\gitStore\\cookbook-test\\services\\frontend\\src\\components\\ErrorBoundary\\index.tsx": {"lines":{"total":50,"covered":0,"skipped":0,"pct":0},"functions":{"total":1,"covered":0,"skipped":0,"pct":0},"statements":{"total":50,"covered":0,"skipped":0,"pct":0},"branches":{"total":1,"covered":0,"skipped":0,"pct":0}}
,"D:\\gitStore\\cookbook-test\\services\\frontend\\src\\components\\HealthBadge\\index.tsx": {"lines":{"total":21,"covered":21,"skipped":0,"pct":100},"functions":{"total":1,"covered":1,"skipped":0,"pct":100},"statements":{"total":21,"covered":21,"skipped":0,"pct":100},"branches":{"total":3,"covered":3,"skipped":0,"pct":100}}
,"D:\\gitStore\\cookbook-test\\services\\frontend\\src\\components\\PageLayout\\index.tsx": {"lines":{"total":61,"covered":0,"skipped":0,"pct":0},"functions":{"total":1,"covered":0,"skipped":0,"pct":0},"statements":{"total":61,"covered":0,"skipped":0,"pct":0},"branches":{"total":1,"covered":0,"skipped":0,"pct":0}}
,"D:\\gitStore\\cookbook-test\\services\\frontend\\src\\components\\RiskDimensionTag\\index.tsx": {"lines":{"total":16,"covered":16,"skipped":0,"pct":100},"functions":{"total":1,"covered":1,"skipped":0,"pct":100},"statements":{"total":16,"covered":16,"skipped":0,"pct":100},"branches":{"total":3,"covered":3,"skipped":0,"pct":100}}
,"D:\\gitStore\\cookbook-test\\services\\frontend\\src\\constants\\healthLevel.ts": {"lines":{"total":35,"covered":35,"skipped":0,"pct":100},"functions":{"total":0,"covered":0,"skipped":0,"pct":100},"statements":{"total":35,"covered":35,"skipped":0,"pct":100},"branches":{"total":0,"covered":0,"skipped":0,"pct":100}}
,"D:\\gitStore\\cookbook-test\\services\\frontend\\src\\hooks\\useSupplierList.ts": {"lines":{"total":28,"covered":28,"skipped":0,"pct":100},"functions":{"total":6,"covered":6,"skipped":0,"pct":100},"statements":{"total":28,"covered":28,"skipped":0,"pct":100},"branches":{"total":6,"covered":6,"skipped":0,"pct":100}}
,"D:\\gitStore\\cookbook-test\\services\\frontend\\src\\hooks\\useSupplierProfile.ts": {"lines":{"total":32,"covered":32,"skipped":0,"pct":100},"functions":{"total":6,"covered":6,"skipped":0,"pct":100},"statements":{"total":32,"covered":32,"skipped":0,"pct":100},"branches":{"total":8,"covered":8,"skipped":0,"pct":100}}
,"D:\\gitStore\\cookbook-test\\services\\frontend\\src\\pages\\SupplierList\\index.tsx": {"lines":{"total":202,"covered":174,"skipped":0,"pct":86.13},"functions":{"total":13,"covered":9,"skipped":0,"pct":69.23},"statements":{"total":202,"covered":174,"skipped":0,"pct":86.13},"branches":{"total":22,"covered":20,"skipped":0,"pct":90.9}}
,"D:\\gitStore\\cookbook-test\\services\\frontend\\src\\pages\\SupplierProfile\\index.tsx": {"lines":{"total":245,"covered":221,"skipped":0,"pct":90.2},"functions":{"total":9,"covered":6,"skipped":0,"pct":66.66},"statements":{"total":245,"covered":221,"skipped":0,"pct":90.2},"branches":{"total":30,"covered":20,"skipped":0,"pct":66.66}}
,"D:\\gitStore\\cookbook-test\\services\\frontend\\src\\utils\\formatters.ts": {"lines":{"total":37,"covered":37,"skipped":0,"pct":100},"functions":{"total":5,"covered":5,"skipped":0,"pct":100},"statements":{"total":37,"covered":37,"skipped":0,"pct":100},"branches":{"total":17,"covered":17,"skipped":0,"pct":100}}
}
