TN:
SF:src\App.tsx
FN:1,(empty-report)
FNF:1
FNH:0
FNDA:0,(empty-report)
DA:1,0
DA:2,0
DA:3,0
DA:4,0
DA:5,0
DA:6,0
DA:7,0
DA:8,0
DA:9,0
DA:10,0
DA:11,0
DA:12,0
DA:13,0
DA:14,0
DA:15,0
DA:16,0
DA:17,0
DA:18,0
DA:19,0
DA:20,0
DA:21,0
DA:22,0
DA:23,0
DA:24,0
DA:25,0
DA:26,0
DA:27,0
DA:28,0
DA:29,0
DA:30,0
DA:31,0
DA:32,0
DA:33,0
LF:33
LH:0
BRDA:1,0,0,0
BRF:1
BRH:0
end_of_record
TN:
SF:src\api\client.ts
FN:23,apiClient.interceptors.response.use.window.location.href
FN:44,<instance_members_initializer>
FN:48,ApiError
FNF:3
FNH:3
FNDA:69,apiClient.interceptors.response.use.window.location.href
FNDA:8,<instance_members_initializer>
FNDA:8,ApiError
DA:1,1
DA:2,1
DA:3,1
DA:4,1
DA:5,1
DA:6,1
DA:7,1
DA:8,1
DA:9,1
DA:10,1
DA:11,1
DA:12,1
DA:13,1
DA:14,71
DA:15,71
DA:16,0
DA:17,0
DA:18,71
DA:19,71
DA:20,1
DA:21,1
DA:22,1
DA:23,1
DA:24,69
DA:25,69
DA:26,6
DA:27,6
DA:28,63
DA:29,69
DA:30,1
DA:31,2
DA:32,0
DA:33,0
DA:34,0
DA:35,2
DA:36,2
DA:37,2
DA:38,2
DA:39,0
DA:40,2
DA:41,1
DA:42,1
DA:43,1
DA:44,1
DA:45,8
DA:46,8
DA:47,8
DA:48,8
DA:49,8
DA:50,8
DA:51,8
DA:52,8
DA:53,8
DA:54,8
DA:55,1
DA:56,1
DA:57,1
DA:58,1
DA:59,1
DA:60,1
DA:61,1
DA:62,1
DA:63,1
LF:63
LH:57
BRDA:13,0,0,71
BRDA:15,1,0,0
BRDA:23,2,0,69
BRDA:25,3,0,6
BRDA:27,4,0,63
BRDA:30,5,0,2
BRDA:31,6,0,0
BRDA:38,7,0,0
BRDA:44,8,0,8
BRDA:48,9,0,8
BRF:10
BRH:7
end_of_record
TN:
SF:src\api\supplier.ts
FN:12,fetchSupplierList
FN:23,fetchSupplierProfile
FN:31,fetchSupplierTab
FN:42,toggleSupplierFollow
FN:50,fetchReportDownloadUrl
FN:60,triggerReportGeneration
FNF:6
FNH:6
FNDA:18,fetchSupplierList
FNDA:24,fetchSupplierProfile
FNDA:22,fetchSupplierTab
FNDA:4,toggleSupplierFollow
FNDA:2,fetchReportDownloadUrl
FNDA:1,triggerReportGeneration
DA:1,1
DA:2,1
DA:3,1
DA:4,1
DA:5,1
DA:6,1
DA:7,1
DA:8,1
DA:9,1
DA:10,1
DA:11,1
DA:12,18
DA:13,18
DA:14,18
DA:15,18
DA:16,18
DA:17,18
DA:18,18
DA:19,17
DA:20,17
DA:21,1
DA:22,1
DA:23,24
DA:24,24
DA:25,24
DA:26,24
DA:27,21
DA:28,21
DA:29,1
DA:30,1
DA:31,22
DA:32,22
DA:33,22
DA:34,22
DA:35,22
DA:36,22
DA:37,22
DA:38,20
DA:39,20
DA:40,1
DA:41,1
DA:42,4
DA:43,4
DA:44,4
DA:45,4
DA:46,4
DA:47,2
DA:48,1
DA:49,1
DA:50,2
DA:51,2
DA:52,2
DA:53,2
DA:54,2
DA:55,2
DA:56,2
DA:57,2
DA:58,1
DA:59,1
DA:60,1
DA:61,1
DA:62,1
DA:63,1
DA:64,1
DA:65,1
DA:66,1
DA:67,1
LF:67
LH:67
BRDA:12,0,0,18
BRDA:18,1,0,17
BRDA:23,2,0,24
BRDA:26,3,0,21
BRDA:31,4,0,22
BRDA:37,5,0,20
BRDA:42,6,0,4
BRDA:46,7,0,2
BRDA:50,8,0,2
BRDA:60,9,0,1
BRF:10
BRH:10
end_of_record
TN:
SF:src\components\ErrorBoundary\index.tsx
FN:1,(empty-report)
FNF:1
FNH:0
FNDA:0,(empty-report)
DA:1,0
DA:2,0
DA:3,0
DA:4,0
DA:5,0
DA:6,0
DA:7,0
DA:8,0
DA:9,0
DA:10,0
DA:11,0
DA:12,0
DA:13,0
DA:14,0
DA:15,0
DA:16,0
DA:17,0
DA:18,0
DA:19,0
DA:20,0
DA:21,0
DA:22,0
DA:23,0
DA:24,0
DA:25,0
DA:26,0
DA:27,0
DA:28,0
DA:29,0
DA:30,0
DA:31,0
DA:32,0
DA:33,0
DA:34,0
DA:35,0
DA:36,0
DA:37,0
DA:38,0
DA:39,0
DA:40,0
DA:41,0
DA:42,0
DA:43,0
DA:44,0
DA:45,0
DA:46,0
DA:47,0
DA:48,0
DA:49,0
DA:50,0
LF:50
LH:0
BRDA:1,0,0,0
BRF:1
BRH:0
end_of_record
TN:
SF:src\components\HealthBadge\index.tsx
FN:10,HealthBadge
FNF:1
FNH:1
FNDA:42,HealthBadge
DA:1,1
DA:2,1
DA:3,1
DA:4,1
DA:5,1
DA:6,1
DA:7,1
DA:8,1
DA:9,1
DA:10,1
DA:11,42
DA:12,8
DA:13,8
DA:14,34
DA:15,34
DA:16,34
DA:17,34
DA:18,34
DA:19,34
DA:20,34
DA:21,34
LF:21
LH:21
BRDA:10,0,0,42
BRDA:11,1,0,8
BRDA:13,2,0,34
BRF:3
BRH:3
end_of_record
TN:
SF:src\components\PageLayout\index.tsx
FN:1,(empty-report)
FNF:1
FNH:0
FNDA:0,(empty-report)
DA:1,0
DA:2,0
DA:3,0
DA:4,0
DA:5,0
DA:6,0
DA:7,0
DA:8,0
DA:9,0
DA:10,0
DA:11,0
DA:12,0
DA:13,0
DA:14,0
DA:15,0
DA:16,0
DA:17,0
DA:18,0
DA:19,0
DA:20,0
DA:21,0
DA:22,0
DA:23,0
DA:24,0
DA:25,0
DA:26,0
DA:27,0
DA:28,0
DA:29,0
DA:30,0
DA:31,0
DA:32,0
DA:33,0
DA:34,0
DA:35,0
DA:36,0
DA:37,0
DA:38,0
DA:39,0
DA:40,0
DA:41,0
DA:42,0
DA:43,0
DA:44,0
DA:45,0
DA:46,0
DA:47,0
DA:48,0
DA:49,0
DA:50,0
DA:51,0
DA:52,0
DA:53,0
DA:54,0
DA:55,0
DA:56,0
DA:57,0
DA:58,0
DA:59,0
DA:60,0
DA:61,0
LF:61
LH:0
BRDA:1,0,0,0
BRF:1
BRH:0
end_of_record
TN:
SF:src\components\RiskDimensionTag\index.tsx
FN:10,RiskDimensionTag
FNF:1
FNH:1
FNDA:42,RiskDimensionTag
DA:1,1
DA:2,1
DA:3,1
DA:4,1
DA:5,1
DA:6,1
DA:7,1
DA:8,1
DA:9,1
DA:10,1
DA:11,42
DA:12,42
DA:13,1
DA:14,1
DA:15,41
DA:16,41
LF:16
LH:16
BRDA:10,0,0,42
BRDA:12,1,0,1
BRDA:14,2,0,41
BRF:3
BRH:3
end_of_record
TN:
SF:src\constants\healthLevel.ts
FNF:0
FNH:0
DA:1,1
DA:2,1
DA:3,1
DA:4,1
DA:5,1
DA:6,1
DA:7,1
DA:8,1
DA:9,1
DA:10,1
DA:11,1
DA:12,1
DA:13,1
DA:14,1
DA:15,1
DA:16,1
DA:17,1
DA:18,1
DA:19,1
DA:20,1
DA:21,1
DA:22,1
DA:23,1
DA:24,1
DA:25,1
DA:26,1
DA:27,1
DA:28,1
DA:29,1
DA:30,1
DA:31,1
DA:32,1
DA:33,1
DA:34,1
DA:35,1
LF:35
LH:35
BRF:0
BRH:0
end_of_record
TN:
SF:src\hooks\useSupplierList.ts
FN:8,useSupplierList
FN:11,queryFn
FN:13,placeholderData
FN:18,useToggleFollow
FN:22,mutationFn
FN:24,onSuccess
FNF:6
FNH:6
FNDA:25,useSupplierList
FNDA:15,queryFn
FNDA:72,placeholderData
FNDA:22,useToggleFollow
FNDA:2,mutationFn
FNDA:1,onSuccess
DA:1,1
DA:2,1
DA:3,1
DA:4,1
DA:5,1
DA:6,1
DA:7,1
DA:8,1
DA:9,25
DA:10,25
DA:11,25
DA:12,25
DA:13,25
DA:14,25
DA:15,25
DA:16,1
DA:17,1
DA:18,1
DA:19,22
DA:20,22
DA:21,22
DA:22,22
DA:23,2
DA:24,22
DA:25,1
DA:26,1
DA:27,22
DA:28,22
LF:28
LH:28
BRDA:8,0,0,25
BRDA:11,1,0,15
BRDA:13,2,0,72
BRDA:18,3,0,22
BRDA:22,4,0,2
BRDA:24,5,0,1
BRF:6
BRH:6
end_of_record
TN:
SF:src\hooks\useSupplierProfile.ts
FN:6,useSupplierProfile
FN:9,queryFn
FN:15,useSupplierTab
FN:18,queryFn
FN:25,useReportDownloadUrl
FN:28,queryFn
FNF:6
FNH:6
FNDA:44,useSupplierProfile
FNDA:22,queryFn
FNDA:24,useSupplierTab
FNDA:20,queryFn
FNDA:21,useReportDownloadUrl
FNDA:1,queryFn
DA:1,1
DA:2,1
DA:3,1
DA:4,1
DA:5,1
DA:6,1
DA:7,44
DA:8,44
DA:9,44
DA:10,44
DA:11,44
DA:12,44
DA:13,1
DA:14,1
DA:15,1
DA:16,24
DA:17,24
DA:18,24
DA:19,24
DA:20,24
DA:21,24
DA:22,24
DA:23,1
DA:24,1
DA:25,1
DA:26,21
DA:27,21
DA:28,21
DA:29,21
DA:30,21
DA:31,21
DA:32,21
LF:32
LH:32
BRDA:6,0,0,44
BRDA:9,1,0,22
BRDA:15,2,0,24
BRDA:19,3,0,23
BRDA:18,4,0,20
BRDA:25,5,0,21
BRDA:29,6,0,2
BRDA:28,7,0,1
BRF:8
BRH:8
end_of_record
TN:
SF:src\pages\SupplierList\index.tsx
FN:25,SupplierList
FN:86,render
FN:87,onClick
FN:97,render
FN:105,render
FN:112,render
FN:129,render
FN:138,render
FN:146,render
FN:150,onClick
FN:170,onChange
FN:178,onChange
FN:194,showTotal
FNF:13
FNH:9
FNDA:18,SupplierList
FNDA:18,render
FNDA:0,onClick
FNDA:18,render
FNDA:18,render
FNDA:18,render
FNDA:18,render
FNDA:18,render
FNDA:18,render
FNDA:0,onClick
FNDA:0,onChange
FNDA:0,onChange
FNDA:12,showTotal
DA:1,1
DA:2,1
DA:3,1
DA:4,1
DA:5,1
DA:6,1
DA:7,1
DA:8,1
DA:9,1
DA:10,1
DA:11,1
DA:12,1
DA:13,3
DA:14,3
DA:15,1
DA:16,1
DA:17,1
DA:18,1
DA:19,5
DA:20,5
DA:21,5
DA:22,1
DA:23,1
DA:24,1
DA:25,1
DA:26,18
DA:27,18
DA:28,18
DA:29,18
DA:30,18
DA:31,18
DA:32,18
DA:33,18
DA:34,18
DA:35,18
DA:36,18
DA:37,18
DA:38,0
DA:39,18
DA:40,18
DA:41,18
DA:42,0
DA:43,0
DA:44,0
DA:45,0
DA:46,0
DA:47,0
DA:48,18
DA:49,18
DA:50,18
DA:51,18
DA:52,0
DA:53,0
DA:54,0
DA:55,0
DA:56,0
DA:57,0
DA:58,0
DA:59,0
DA:60,0
DA:61,0
DA:62,0
DA:63,0
DA:64,0
DA:65,0
DA:66,0
DA:67,18
DA:68,18
DA:69,18
DA:70,18
DA:71,18
DA:72,0
DA:73,0
DA:74,0
DA:75,0
DA:76,0
DA:77,18
DA:78,18
DA:79,18
DA:80,18
DA:81,18
DA:82,18
DA:83,18
DA:84,18
DA:85,18
DA:86,18
DA:87,18
DA:88,18
DA:89,18
DA:90,18
DA:91,18
DA:92,18
DA:93,18
DA:94,18
DA:95,18
DA:96,18
DA:97,18
DA:98,18
DA:99,18
DA:100,18
DA:101,18
DA:102,18
DA:103,18
DA:104,18
DA:105,18
DA:106,18
DA:107,18
DA:108,18
DA:109,18
DA:110,18
DA:111,18
DA:112,18
DA:113,18
DA:114,18
DA:115,18
DA:116,18
DA:117,18
DA:118,18
DA:119,18
DA:120,18
DA:121,18
DA:122,18
DA:123,18
DA:124,18
DA:125,18
DA:126,18
DA:127,18
DA:128,18
DA:129,18
DA:130,18
DA:131,0
DA:132,18
DA:133,18
DA:134,18
DA:135,18
DA:136,18
DA:137,18
DA:138,18
DA:139,18
DA:140,18
DA:141,18
DA:142,18
DA:143,18
DA:144,18
DA:145,18
DA:146,18
DA:147,18
DA:148,18
DA:149,18
DA:150,18
DA:151,18
DA:152,18
DA:153,18
DA:154,18
DA:155,18
DA:156,18
DA:157,18
DA:158,18
DA:159,18
DA:160,18
DA:161,18
DA:162,18
DA:163,18
DA:164,18
DA:165,18
DA:166,18
DA:167,18
DA:168,18
DA:169,18
DA:170,18
DA:171,18
DA:172,18
DA:173,18
DA:174,18
DA:175,18
DA:176,18
DA:177,18
DA:178,18
DA:179,18
DA:180,18
DA:181,18
DA:182,18
DA:183,18
DA:184,18
DA:185,18
DA:186,18
DA:187,18
DA:188,18
DA:189,18
DA:190,18
DA:191,18
DA:192,18
DA:193,18
DA:194,18
DA:195,18
DA:196,18
DA:197,18
DA:198,18
DA:199,18
DA:200,18
DA:201,18
DA:202,18
LF:202
LH:174
BRDA:12,0,0,3
BRDA:18,1,0,5
BRDA:25,2,0,18
BRDA:67,3,0,7
BRDA:187,4,0,7
BRDA:192,5,0,7
BRDA:86,6,0,18
BRDA:97,7,0,18
BRDA:105,8,0,18
BRDA:112,9,0,18
BRDA:114,10,0,12
BRDA:114,11,0,6
BRDA:114,12,0,6
BRDA:114,13,0,0
BRDA:114,14,0,6
BRDA:129,15,0,18
BRDA:130,16,0,0
BRDA:138,17,0,18
BRDA:146,18,0,18
BRDA:149,19,0,6
BRDA:149,20,0,12
BRDA:194,21,0,12
BRF:22
BRH:20
end_of_record
TN:
SF:src\pages\SupplierProfile\index.tsx
FN:35,SupplierProfile
FN:55,onClick
FN:123,render
FN:130,render
FN:145,render
FN:162,onChange
FN:175,TabContent
FN:209,ReportDownloadButton
FN:221,handleDownload
FNF:9
FNH:6
FNDA:39,SupplierProfile
FNDA:0,onClick
FNDA:36,render
FNDA:36,render
FNDA:36,render
FNDA:0,onChange
FNDA:18,TabContent
FNDA:18,ReportDownloadButton
FNDA:0,handleDownload
DA:1,1
DA:2,1
DA:3,1
DA:4,1
DA:5,1
DA:6,1
DA:7,1
DA:8,1
DA:9,1
DA:10,1
DA:11,1
DA:12,1
DA:13,1
DA:14,1
DA:15,1
DA:16,1
DA:17,1
DA:18,1
DA:19,1
DA:20,1
DA:21,1
DA:22,1
DA:23,1
DA:24,1
DA:25,1
DA:26,1
DA:27,1
DA:28,1
DA:29,1
DA:30,1
DA:31,1
DA:32,1
DA:33,1
DA:34,1
DA:35,1
DA:36,39
DA:37,39
DA:38,39
DA:39,39
DA:40,39
DA:41,39
DA:42,39
DA:43,39
DA:44,20
DA:45,20
DA:46,19
DA:47,39
DA:48,1
DA:49,1
DA:50,18
DA:51,18
DA:52,18
DA:53,18
DA:54,18
DA:55,18
DA:56,18
DA:57,18
DA:58,18
DA:59,18
DA:60,18
DA:61,18
DA:62,18
DA:63,18
DA:64,39
DA:65,39
DA:66,39
DA:67,39
DA:68,39
DA:69,39
DA:70,39
DA:71,39
DA:72,39
DA:73,39
DA:74,36
DA:75,39
DA:76,39
DA:77,39
DA:78,39
DA:79,39
DA:80,39
DA:81,39
DA:82,39
DA:83,39
DA:84,39
DA:85,39
DA:86,39
DA:87,39
DA:88,39
DA:89,39
DA:90,39
DA:91,39
DA:92,39
DA:93,39
DA:94,39
DA:95,39
DA:96,39
DA:97,39
DA:98,39
DA:99,39
DA:100,18
DA:101,90
DA:102,90
DA:103,90
DA:104,18
DA:105,39
DA:106,39
DA:107,39
DA:108,39
DA:109,39
DA:110,39
DA:111,39
DA:112,39
DA:113,39
DA:114,39
DA:115,39
DA:116,39
DA:117,39
DA:118,39
DA:119,39
DA:120,39
DA:121,39
DA:122,39
DA:123,39
DA:124,39
DA:125,39
DA:126,39
DA:127,39
DA:128,39
DA:129,39
DA:130,39
DA:131,36
DA:132,36
DA:133,36
DA:134,39
DA:135,39
DA:136,39
DA:137,39
DA:138,39
DA:139,39
DA:140,39
DA:141,39
DA:142,39
DA:143,39
DA:144,39
DA:145,39
DA:146,36
DA:147,18
DA:148,18
DA:149,18
DA:150,18
DA:151,18
DA:152,39
DA:153,39
DA:154,39
DA:155,39
DA:156,39
DA:157,39
DA:158,39
DA:159,39
DA:160,39
DA:161,39
DA:162,39
DA:163,39
DA:164,90
DA:165,90
DA:166,90
DA:167,39
DA:168,39
DA:169,39
DA:170,39
DA:171,39
DA:172,39
DA:173,1
DA:174,1
DA:175,18
DA:176,18
DA:177,18
DA:178,18
DA:179,18
DA:180,18
DA:181,18
DA:182,18
DA:183,18
DA:184,18
DA:185,18
DA:186,18
DA:187,18
DA:188,0
DA:189,0
DA:190,0
DA:191,0
DA:192,0
DA:193,0
DA:194,0
DA:195,0
DA:196,0
DA:197,0
DA:198,0
DA:199,0
DA:200,18
DA:201,18
DA:202,18
DA:203,18
DA:204,18
DA:205,18
DA:206,18
DA:207,1
DA:208,1
DA:209,18
DA:210,18
DA:211,18
DA:212,18
DA:213,18
DA:214,18
DA:215,18
DA:216,18
DA:217,18
DA:218,18
DA:219,18
DA:220,18
DA:221,18
DA:222,0
DA:223,0
DA:224,0
DA:225,0
DA:226,0
DA:227,18
DA:228,18
DA:229,0
DA:230,0
DA:231,0
DA:232,0
DA:233,0
DA:234,0
DA:235,0
DA:236,18
DA:237,18
DA:238,18
DA:239,18
DA:240,18
DA:241,18
DA:242,18
DA:243,18
DA:244,18
DA:245,18
LF:245
LH:221
BRDA:35,0,0,39
BRDA:43,1,0,20
BRDA:45,2,0,19
BRDA:47,3,0,18
BRDA:47,4,0,1
BRDA:49,5,0,18
BRDA:64,6,0,0
BRDA:68,7,0,18
BRDA:68,8,0,0
BRDA:70,9,0,0
BRDA:71,10,0,0
BRDA:73,11,0,18
BRDA:75,12,0,0
BRDA:87,13,0,0
BRDA:87,14,0,18
BRDA:99,15,0,18
BRDA:73,16,0,36
BRDA:100,17,0,90
BRDA:123,18,0,36
BRDA:130,19,0,36
BRDA:132,20,0,0
BRDA:145,21,0,36
BRDA:146,22,0,18
BRDA:149,23,0,18
BRDA:163,24,0,90
BRDA:175,25,0,18
BRDA:186,26,0,0
BRDA:187,27,0,0
BRDA:209,28,0,18
BRDA:228,29,0,0
BRF:30
BRH:20
end_of_record
TN:
SF:src\utils\formatters.ts
FN:9,formatDateTime
FN:15,formatDate
FN:21,formatRelativeTime
FN:27,formatTrend
FN:34,formatScore
FNF:5
FNH:5
FNDA:40,formatDateTime
FNDA:22,formatDate
FNDA:21,formatRelativeTime
FNDA:25,formatTrend
FNDA:131,formatScore
DA:1,1
DA:2,1
DA:3,1
DA:4,1
DA:5,1
DA:6,1
DA:7,1
DA:8,1
DA:9,1
DA:10,40
DA:11,37
DA:12,37
DA:13,1
DA:14,1
DA:15,1
DA:16,22
DA:17,20
DA:18,20
DA:19,1
DA:20,1
DA:21,1
DA:22,21
DA:23,13
DA:24,13
DA:25,1
DA:26,1
DA:27,1
DA:28,25
DA:29,25
DA:30,25
DA:31,25
DA:32,1
DA:33,1
DA:34,1
DA:35,131
DA:36,123
DA:37,123
LF:37
LH:37
BRDA:9,0,0,40
BRDA:10,1,0,3
BRDA:10,2,0,37
BRDA:15,3,0,22
BRDA:16,4,0,20
BRDA:16,5,0,2
BRDA:21,6,0,21
BRDA:22,7,0,8
BRDA:22,8,0,13
BRDA:27,9,0,25
BRDA:28,10,0,8
BRDA:28,11,0,17
BRDA:29,12,0,8
BRDA:29,13,0,9
BRDA:34,14,0,131
BRDA:35,15,0,8
BRDA:35,16,0,123
BRF:17
BRH:17
end_of_record
